app/build/outputs/logs/manifest-merger-debug-report.txt
-- Merging decision tree log ---
manifest
ADDED from src/main/AndroidManifest.xml:2:1-26:12
	package
		ADDED from src/main/AndroidManifest.xml:3:11-46
		INJECTED from src/main/AndroidManifest.xml
		INJECTED from src/main/AndroidManifest.xml
	android:versionName
		INJECTED from src/main/AndroidManifest.xml
		INJECTED from src/main/AndroidManifest.xml
	xmlns:android
		ADDED from src/main/AndroidManifest.xml:2:11-69
	android:versionCode
		INJECTED from src/main/AndroidManifest.xml
		INJECTED from src/main/AndroidManifest.xml
uses-permission#android.permission.INTERNET
ADDED from src/main/AndroidManifest.xml:4:5-66
	android:name
		ADDED from src/main/AndroidManifest.xml:4:22-64
uses-permission-sdk-23
ADDED from src/main/AndroidManifest.xml:5:5-73
	android:name
		ADDED from src/main/AndroidManifest.xml:5:29-71
uses-permission#android.permission.CHANGE_NETWORK_STATE
ADDED from src/main/AndroidManifest.xml:6:5-79
	android:name
		ADDED from src/main/AndroidManifest.xml:6:22-76
uses-permission#android.permission.CHANGE_WIFI_STATE
ADDED from src/main/AndroidManifest.xml:7:5-75
	android:name
		ADDED from src/main/AndroidManifest.xml:7:22-73
application
ADDED from src/main/AndroidManifest.xml:10:5-24:19
MERGED from [com.android.support.test.espresso:espresso-idling-resource:2.2.2] AndroidManifest.xml:24:5-20
MERGED from [com.android.support:design:24.1.0] AndroidManifest.xml:22:5-20
MERGED from [com.android.support:appcompat-v7:24.1.0] AndroidManifest.xml:25:5-20
MERGED from [com.android.support:animated-vector-drawable:24.1.0] AndroidManifest.xml:22:5-20
MERGED from [com.android.support:support-vector-drawable:24.1.0] AndroidManifest.xml:23:5-20
MERGED from [com.android.support:support-v4:24.1.0] AndroidManifest.xml:25:5-20
MERGED from [com.tbruyelle.rxpermissions2:rxpermissions:0.8.1] AndroidManifest.xml:10:5-15:19
MERGED from [com.android.support.constraint:constraint-layout:1.0.0-beta3] AndroidManifest.xml:9:5-20
	android:label
		ADDED from src/main/AndroidManifest.xml:13:9-41
	android:supportsRtl
		ADDED from src/main/AndroidManifest.xml:14:9-35
	android:allowBackup
		ADDED from src/main/AndroidManifest.xml:11:9-35
	android:icon
		ADDED from src/main/AndroidManifest.xml:12:9-43
	android:theme
		ADDED from src/main/AndroidManifest.xml:16:9-40
	android:name
		ADDED from src/main/AndroidManifest.xml:15:9-28
activity#com.example.hyc.movieshow.Movies.MoviesActivity
ADDED from src/main/AndroidManifest.xml:17:9-23:20
	android:name
		ADDED from src/main/AndroidManifest.xml:17:19-56
intent-filter#android.intent.action.MAIN+android.intent.category.LAUNCHER
ADDED from src/main/AndroidManifest.xml:18:13-22:29
action#android.intent.action.MAIN
ADDED from src/main/AndroidManifest.xml:19:17-68
	android:name
		ADDED from src/main/AndroidManifest.xml:19:25-66
category#android.intent.category.LAUNCHER
ADDED from src/main/AndroidManifest.xml:21:17-76
	android:name
		ADDED from src/main/AndroidManifest.xml:21:27-74
uses-sdk
INJECTED from src/main/AndroidManifest.xml reason: use-sdk injection requested
MERGED from [com.android.support.test.espresso:espresso-idling-resource:2.2.2] AndroidManifest.xml:20:5-22:41
MERGED from [com.android.support:design:24.1.0] AndroidManifest.xml:20:5-43
MERGED from [com.android.support:appcompat-v7:24.1.0] AndroidManifest.xml:21:5-23:78
MERGED from [com.android.support:animated-vector-drawable:24.1.0] AndroidManifest.xml:20:5-44
MERGED from [com.android.support:support-vector-drawable:24.1.0] AndroidManifest.xml:21:5-43
MERGED from [com.android.support:support-v4:24.1.0] AndroidManifest.xml:21:5-23:54
MERGED from [com.android.support:recyclerview-v7:24.1.0] AndroidManifest.xml:20:5-43
MERGED from [io.reactivex.rxjava2:rxandroid:2.0.0] AndroidManifest.xml:19:5-43
MERGED from [com.tbruyelle.rxpermissions2:rxpermissions:0.8.1] AndroidManifest.xml:6:5-8:41
MERGED from [com.android.support.constraint:constraint-layout:1.0.0-beta3] AndroidManifest.xml:5:5-7:41
MERGED from [com.android.databinding:adapters:1.2.1] AndroidManifest.xml:22:5-24:41
MERGED from [com.android.databinding:library:1.2.1] AndroidManifest.xml:22:5-24:41
	tools:overrideLibrary
		ADDED from [com.android.support:appcompat-v7:24.1.0] AndroidManifest.xml:23:9-75
	android:targetSdkVersion
		INJECTED from src/main/AndroidManifest.xml
		INJECTED from src/main/AndroidManifest.xml
	android:minSdkVersion
		INJECTED from src/main/AndroidManifest.xml
		INJECTED from src/main/AndroidManifest.xml
activity#com.tbruyelle.rxpermissions2.ShadowActivity
ADDED from [com.tbruyelle.rxpermissions2:rxpermissions:0.8.1] AndroidManifest.xml:11:9-14:75
	android:launchMode
		ADDED from [com.tbruyelle.rxpermissions2:rxpermissions:0.8.1] AndroidManifest.xml:13:13-43
	android:theme
		ADDED from [com.tbruyelle.rxpermissions2:rxpermissions:0.8.1] AndroidManifest.xml:14:13-72
	android:name
		ADDED from [com.tbruyelle.rxpermissions2:rxpermissions:0.8.1] AndroidManifest.xml:12:13-71